TN:
SF:tests\COMP.SE.200-2021-2022-1-main\src\capitalize.js
FN:17,(anonymous_0)
FNF:1
FNH:1
FNDA:1,(anonymous_0)
DA:17,1
LF:1
LH:1
BRF:0
BRH:0
end_of_record
TN:
SF:tests\COMP.SE.200-2021-2022-1-main\src\filter.js
FN:24,filter
FNF:1
FNH:1
FNDA:1,filter
DA:25,1
DA:26,1
DA:27,1
DA:28,1
DA:30,1
DA:31,2
DA:32,2
DA:33,1
DA:36,1
LF:9
LH:9
BRDA:27,0,0,0
BRDA:27,0,1,1
BRDA:32,1,0,1
BRDA:32,1,1,1
BRF:4
BRH:3
end_of_record
TN:
SF:tests\COMP.SE.200-2021-2022-1-main\src\get.js
FN:27,get
FNF:1
FNH:1
FNDA:3,get
DA:28,3
DA:29,3
LF:2
LH:2
BRDA:28,0,0,0
BRDA:28,0,1,3
BRDA:29,1,0,1
BRDA:29,1,1,2
BRF:4
BRH:3
end_of_record
TN:
SF:tests\COMP.SE.200-2021-2022-1-main\src\isArguments.js
FN:19,isArguments
FNF:1
FNH:0
FNDA:0,isArguments
DA:20,0
LF:1
LH:0
BRDA:20,0,0,0
BRDA:20,0,1,0
BRF:2
BRH:0
end_of_record
TN:
SF:tests\COMP.SE.200-2021-2022-1-main\src\isArrayLike.js
FN:26,isArrayLike
FNF:1
FNH:1
FNDA:5,isArrayLike
DA:27,5
LF:1
LH:1
BRDA:27,0,0,5
BRDA:27,0,1,5
BRDA:27,0,2,5
BRF:3
BRH:3
end_of_record
TN:
SF:tests\COMP.SE.200-2021-2022-1-main\src\isBuffer.js
FN:33,(anonymous_0)
FNF:1
FNH:0
FNDA:0,(anonymous_0)
DA:4,1
DA:7,1
DA:10,1
DA:13,1
DA:16,1
DA:33,1
LF:6
LH:6
BRDA:4,0,0,1
BRDA:4,0,1,1
BRDA:4,0,2,1
BRDA:4,0,3,1
BRDA:7,1,0,1
BRDA:7,1,1,1
BRDA:7,1,2,1
BRDA:7,1,3,1
BRDA:7,1,4,1
BRDA:10,2,0,1
BRDA:10,2,1,1
BRDA:13,3,0,1
BRDA:13,3,1,0
BRDA:16,4,0,1
BRDA:16,4,1,0
BRDA:33,5,0,1
BRDA:33,5,1,0
BRF:17
BRH:14
end_of_record
TN:
SF:tests\COMP.SE.200-2021-2022-1-main\src\isDate.js
FN:24,(anonymous_0)
FN:25,(anonymous_1)
FNF:2
FNH:1
FNDA:2,(anonymous_0)
FNDA:0,(anonymous_1)
DA:6,1
DA:23,1
DA:24,2
DA:25,0
LF:4
LH:3
BRDA:6,0,0,1
BRDA:6,0,1,1
BRDA:23,1,0,1
BRDA:23,1,1,0
BRDA:25,2,0,0
BRDA:25,2,1,0
BRF:6
BRH:3
end_of_record
TN:
SF:tests\COMP.SE.200-2021-2022-1-main\src\isEmpty.js
FN:45,isEmpty
FNF:1
FNH:1
FNDA:6,isEmpty
DA:9,1
DA:46,6
DA:47,1
DA:49,5
DA:52,2
DA:54,3
DA:55,3
DA:56,0
DA:58,3
DA:59,0
DA:61,3
DA:62,1
DA:63,1
DA:66,2
LF:14
LH:12
BRDA:46,0,0,1
BRDA:46,0,1,5
BRDA:49,1,0,2
BRDA:49,1,1,3
BRDA:49,2,0,5
BRDA:49,2,1,2
BRDA:49,2,2,1
BRDA:49,2,3,0
BRDA:49,2,4,0
BRDA:49,2,5,0
BRDA:49,2,6,0
BRDA:55,3,0,0
BRDA:55,3,1,3
BRDA:55,4,0,3
BRDA:55,4,1,3
BRDA:58,5,0,0
BRDA:58,5,1,3
BRDA:62,6,0,1
BRDA:62,6,1,0
BRF:19
BRH:12
end_of_record
TN:
SF:tests\COMP.SE.200-2021-2022-1-main\src\isLength.js
FN:28,isLength
FNF:1
FNH:1
FNDA:5,isLength
DA:2,1
DA:29,5
LF:2
LH:2
BRDA:29,0,0,5
BRDA:29,0,1,2
BRDA:29,0,2,2
BRDA:29,0,3,2
BRF:4
BRH:4
end_of_record
TN:
SF:tests\COMP.SE.200-2021-2022-1-main\src\isObject.js
FN:24,isObject
FNF:1
FNH:1
FNDA:2,isObject
DA:25,2
DA:26,2
LF:2
LH:2
BRDA:26,0,0,2
BRDA:26,0,1,2
BRDA:26,0,2,2
BRF:3
BRH:3
end_of_record
TN:
SF:tests\COMP.SE.200-2021-2022-1-main\src\isObjectLike.js
FN:23,isObjectLike
FNF:1
FNH:0
FNDA:0,isObjectLike
DA:24,0
LF:1
LH:0
BRDA:24,0,0,0
BRDA:24,0,1,0
BRF:2
BRH:0
end_of_record
TN:
SF:tests\COMP.SE.200-2021-2022-1-main\src\isSymbol.js
FN:18,isSymbol
FNF:1
FNH:1
FNDA:4,isSymbol
DA:19,4
DA:20,4
LF:2
LH:2
BRDA:20,0,0,4
BRDA:20,0,1,4
BRDA:20,0,2,0
BRDA:20,0,3,0
BRF:4
BRH:2
end_of_record
TN:
SF:tests\COMP.SE.200-2021-2022-1-main\src\isTypedArray.js
FN:27,(anonymous_0)
FN:28,(anonymous_1)
FNF:2
FNH:0
FNDA:0,(anonymous_0)
FNDA:0,(anonymous_1)
DA:6,1
DA:9,1
DA:26,1
DA:27,0
DA:28,0
LF:5
LH:3
BRDA:9,0,0,1
BRDA:9,0,1,1
BRDA:26,1,0,1
BRDA:26,1,1,0
BRDA:28,2,0,0
BRDA:28,2,1,0
BRF:6
BRH:3
end_of_record
TN:
SF:tests\COMP.SE.200-2021-2022-1-main\src\map.js
FN:19,map
FNF:1
FNH:1
FNDA:1,map
DA:20,1
DA:21,1
DA:22,1
DA:24,1
DA:25,2
DA:27,1
LF:6
LH:6
BRDA:21,0,0,0
BRDA:21,0,1,1
BRF:2
BRH:1
end_of_record
TN:
SF:tests\COMP.SE.200-2021-2022-1-main\src\memoize.js
FN:43,memoize
FN:47,(anonymous_1)
FNF:2
FNH:2
FNDA:1,memoize
FNDA:2,(anonymous_1)
DA:44,1
DA:45,0
DA:47,1
DA:48,2
DA:49,2
DA:51,2
DA:52,0
DA:54,2
DA:55,2
DA:56,2
DA:58,1
DA:59,1
DA:62,1
LF:13
LH:11
BRDA:44,0,0,0
BRDA:44,0,1,1
BRDA:44,1,0,1
BRDA:44,1,1,1
BRDA:44,1,2,1
BRDA:48,2,0,2
BRDA:48,2,1,0
BRDA:51,3,0,0
BRDA:51,3,1,2
BRDA:55,4,0,2
BRDA:55,4,1,0
BRDA:58,5,0,1
BRDA:58,5,1,0
BRF:13
BRH:8
end_of_record
TN:
SF:tests\COMP.SE.200-2021-2022-1-main\src\slice.js
FN:21,slice
FNF:1
FNH:0
FNDA:0,slice
DA:22,0
DA:23,0
DA:24,0
DA:26,0
DA:27,0
DA:29,0
DA:30,0
DA:32,0
DA:33,0
DA:35,0
DA:36,0
DA:38,0
DA:39,0
DA:40,0
DA:41,0
DA:43,0
LF:16
LH:0
BRDA:22,0,0,0
BRDA:22,0,1,0
BRDA:23,1,0,0
BRDA:23,1,1,0
BRDA:26,2,0,0
BRDA:26,2,1,0
BRDA:27,3,0,0
BRDA:27,3,1,0
BRDA:29,4,0,0
BRDA:29,4,1,0
BRDA:30,5,0,0
BRDA:30,5,1,0
BRDA:32,6,0,0
BRDA:32,6,1,0
BRDA:35,7,0,0
BRDA:35,7,1,0
BRF:16
BRH:0
end_of_record
TN:
SF:tests\COMP.SE.200-2021-2022-1-main\src\toFinite.js
FN:28,toFinite
FNF:1
FNH:1
FNDA:4,toFinite
DA:4,1
DA:5,1
DA:29,4
DA:30,0
DA:32,4
DA:33,4
DA:34,1
DA:35,1
DA:37,3
LF:9
LH:8
BRDA:29,0,0,0
BRDA:29,0,1,4
BRDA:30,1,0,0
BRDA:30,1,1,0
BRDA:33,2,0,1
BRDA:33,2,1,3
BRDA:33,3,0,4
BRDA:33,3,1,3
BRDA:34,4,0,0
BRDA:34,4,1,1
BRDA:37,5,0,3
BRDA:37,5,1,0
BRF:12
BRH:7
end_of_record
TN:
SF:tests\COMP.SE.200-2021-2022-1-main\src\toInteger.js
FN:28,toInteger
FNF:1
FNH:1
FNDA:4,toInteger
DA:29,4
DA:30,4
DA:32,4
LF:3
LH:3
BRDA:32,0,0,3
BRDA:32,0,1,1
BRF:2
BRH:2
end_of_record
TN:
SF:tests\COMP.SE.200-2021-2022-1-main\src\toNumber.js
FN:44,toNumber
FNF:1
FNH:1
FNDA:8,toNumber
DA:5,2
DA:8,2
DA:11,2
DA:14,2
DA:17,2
DA:20,2
DA:45,8
DA:46,6
DA:48,2
DA:49,0
DA:51,2
DA:52,0
DA:53,0
DA:55,2
DA:56,0
DA:58,2
DA:59,2
DA:60,2
LF:18
LH:14
BRDA:45,0,0,6
BRDA:45,0,1,2
BRDA:48,1,0,0
BRDA:48,1,1,2
BRDA:51,2,0,0
BRDA:51,2,1,2
BRDA:52,3,0,0
BRDA:52,3,1,0
BRDA:53,4,0,0
BRDA:53,4,1,0
BRDA:55,5,0,0
BRDA:55,5,1,2
BRDA:56,6,0,0
BRDA:56,6,1,0
BRDA:60,7,0,0
BRDA:60,7,1,2
BRDA:60,8,0,2
BRDA:60,8,1,2
BRDA:61,9,0,0
BRDA:61,9,1,0
BRDA:62,10,0,0
BRDA:62,10,1,2
BRF:22
BRH:9
end_of_record
TN:
SF:tests\COMP.SE.200-2021-2022-1-main\src\toString.js
FN:25,toString
FN:33,(anonymous_1)
FNF:2
FNH:1
FNDA:1,toString
FNDA:0,(anonymous_1)
DA:4,1
DA:28,1
DA:29,1
DA:31,0
DA:33,0
DA:35,0
DA:36,0
DA:38,0
DA:39,0
LF:9
LH:3
BRDA:28,0,0,1
BRDA:28,0,1,0
BRDA:31,1,0,0
BRDA:31,1,1,0
BRDA:33,2,0,0
BRDA:33,2,1,0
BRDA:35,3,0,0
BRDA:35,3,1,0
BRDA:39,4,0,0
BRDA:39,4,1,0
BRDA:39,5,0,0
BRDA:39,5,1,0
BRF:12
BRH:1
end_of_record
TN:
SF:tests\COMP.SE.200-2021-2022-1-main\src\upperFirst.js
FNF:0
FNH:0
DA:19,1
LF:1
LH:1
BRF:0
BRH:0
end_of_record
TN:
SF:tests\COMP.SE.200-2021-2022-1-main\src\words.js
FN:10,asciiWords
FN:30,words
FNF:2
FNH:1
FNDA:0,asciiWords
FNDA:2,words
DA:3,1
DA:8,1
DA:11,0
DA:31,2
DA:32,1
DA:33,1
DA:35,1
LF:7
LH:6
BRDA:31,0,0,1
BRDA:31,0,1,1
BRDA:32,1,0,1
BRDA:32,1,1,0
BRDA:33,2,0,1
BRDA:33,2,1,0
BRDA:35,3,0,1
BRDA:35,3,1,0
BRF:8
BRH:5
end_of_record
TN:
SF:tests\COMP.SE.200-2021-2022-1-main\src\.internal\asciiToArray.js
FN:8,asciiToArray
FNF:1
FNH:0
FNDA:0,asciiToArray
DA:9,0
LF:1
LH:0
BRF:0
BRH:0
end_of_record
TN:
SF:tests\COMP.SE.200-2021-2022-1-main\src\.internal\baseGet.js
FN:12,baseGet
FNF:1
FNH:1
FNDA:3,baseGet
DA:13,3
DA:15,3
DA:16,3
DA:18,3
DA:19,10
DA:21,3
LF:6
LH:6
BRDA:18,0,0,13
BRDA:18,0,1,12
BRDA:21,1,0,2
BRDA:21,1,1,1
BRDA:21,2,0,3
BRDA:21,2,1,3
BRF:6
BRH:6
end_of_record
TN:
SF:tests\COMP.SE.200-2021-2022-1-main\src\.internal\castPath.js
FN:12,castPath
FNF:1
FNH:1
FNDA:3,castPath
DA:13,3
DA:14,1
DA:16,2
LF:3
LH:3
BRDA:13,0,0,1
BRDA:13,0,1,2
BRDA:16,1,0,0
BRDA:16,1,1,2
BRF:4
BRH:3
end_of_record
TN:
SF:tests\COMP.SE.200-2021-2022-1-main\src\.internal\castSlice.js
FN:12,castSlice
FNF:1
FNH:0
FNDA:0,castSlice
DA:13,0
DA:14,0
DA:15,0
LF:3
LH:0
BRDA:14,0,0,0
BRDA:14,0,1,0
BRDA:15,1,0,0
BRDA:15,1,1,0
BRDA:15,2,0,0
BRDA:15,2,1,0
BRF:6
BRH:0
end_of_record
TN:
SF:tests\COMP.SE.200-2021-2022-1-main\src\.internal\createCaseFirst.js
FN:12,createCaseFirst
FN:13,(anonymous_1)
FNF:2
FNH:2
FNDA:1,createCaseFirst
FNDA:1,(anonymous_1)
DA:13,1
DA:14,1
DA:15,0
DA:18,1
DA:22,1
DA:26,1
DA:30,1
LF:7
LH:6
BRDA:14,0,0,0
BRDA:14,0,1,1
BRDA:18,1,0,0
BRDA:18,1,1,1
BRDA:22,2,0,0
BRDA:22,2,1,1
BRDA:26,3,0,0
BRDA:26,3,1,1
BRF:8
BRH:4
end_of_record
TN:
SF:tests\COMP.SE.200-2021-2022-1-main\src\.internal\freeGlobal.js
FNF:0
FNH:0
DA:2,2
LF:1
LH:1
BRDA:2,0,0,2
BRDA:2,0,1,2
BRDA:2,0,2,2
BRDA:2,0,3,2
BRF:4
BRH:4
end_of_record
TN:
SF:tests\COMP.SE.200-2021-2022-1-main\src\.internal\getTag.js
FN:10,getTag
FNF:1
FNH:1
FNDA:3,getTag
DA:1,6
DA:11,3
DA:12,0
DA:14,3
LF:4
LH:3
BRDA:11,0,0,0
BRDA:11,0,1,3
BRDA:12,1,0,0
BRDA:12,1,1,0
BRF:4
BRH:1
end_of_record
TN:
SF:tests\COMP.SE.200-2021-2022-1-main\src\.internal\hasUnicode.js
FN:24,hasUnicode
FNF:1
FNH:1
FNDA:1,hasUnicode
DA:2,1
DA:3,1
DA:4,1
DA:5,1
DA:6,1
DA:7,1
DA:8,1
DA:9,1
DA:12,1
DA:15,1
DA:25,1
LF:11
LH:11
BRF:0
BRH:0
end_of_record
TN:
SF:tests\COMP.SE.200-2021-2022-1-main\src\.internal\isKey.js
FN:15,isKey
FNF:1
FNH:1
FNDA:2,isKey
DA:4,1
DA:5,1
DA:16,2
DA:17,0
DA:19,2
DA:20,2
DA:21,0
DA:23,2
LF:8
LH:6
BRDA:16,0,0,0
BRDA:16,0,1,2
BRDA:20,1,0,0
BRDA:20,1,1,2
BRDA:20,2,0,2
BRDA:20,2,1,2
BRDA:20,2,2,2
BRDA:20,2,3,2
BRDA:23,3,0,2
BRDA:23,3,1,2
BRDA:23,3,2,2
BRDA:23,3,3,2
BRF:12
BRH:10
end_of_record
TN:
SF:tests\COMP.SE.200-2021-2022-1-main\src\.internal\isPrototype.js
FN:11,isPrototype
FNF:1
FNH:1
FNDA:3,isPrototype
DA:2,1
DA:12,3
DA:13,3
DA:15,3
LF:4
LH:4
BRDA:12,0,0,3
BRDA:12,0,1,3
BRDA:13,1,0,3
BRDA:13,1,1,3
BRDA:13,1,2,0
BRF:5
BRH:4
end_of_record
TN:
SF:tests\COMP.SE.200-2021-2022-1-main\src\.internal\memoizeCapped.js
FN:14,memoizeCapped
FN:15,(anonymous_1)
FNF:2
FNH:2
FNDA:1,memoizeCapped
FNDA:2,(anonymous_1)
DA:4,1
DA:15,1
DA:16,2
DA:17,2
DA:18,0
DA:20,2
DA:23,1
LF:7
LH:6
BRDA:17,0,0,0
BRDA:17,0,1,2
BRF:2
BRH:1
end_of_record
TN:
SF:tests\COMP.SE.200-2021-2022-1-main\src\.internal\nodeTypes.js
FN:16,(anonymous_0)
FNF:1
FNH:1
FNDA:2,(anonymous_0)
DA:4,2
DA:7,2
DA:10,2
DA:13,2
DA:16,2
DA:17,2
DA:20,2
DA:21,2
LF:8
LH:8
BRDA:4,0,0,2
BRDA:4,0,1,2
BRDA:4,0,2,2
BRDA:4,0,3,2
BRDA:7,1,0,2
BRDA:7,1,1,2
BRDA:7,1,2,2
BRDA:7,1,3,2
BRDA:7,1,4,2
BRDA:10,2,0,2
BRDA:10,2,1,2
BRDA:13,3,0,2
BRDA:13,3,1,2
BRDA:20,4,0,2
BRDA:20,4,1,2
BRDA:20,4,2,2
BRDA:21,5,0,2
BRDA:21,5,1,0
BRDA:24,6,0,0
BRDA:24,6,1,0
BRDA:24,6,2,0
BRF:21
BRH:17
end_of_record
TN:
SF:tests\COMP.SE.200-2021-2022-1-main\src\.internal\root.js
FNF:0
FNH:0
DA:5,1
DA:8,1
DA:11,1
LF:3
LH:3
BRDA:5,0,0,1
BRDA:5,0,1,1
BRDA:5,0,2,1
BRDA:5,0,3,1
BRDA:8,1,0,1
BRDA:8,1,1,0
BRDA:8,1,2,0
BRDA:8,1,3,0
BRDA:11,2,0,1
BRDA:11,2,1,0
BRDA:11,2,2,0
BRDA:11,2,3,0
BRF:12
BRH:6
end_of_record
TN:
SF:tests\COMP.SE.200-2021-2022-1-main\src\.internal\stringToArray.js
FN:12,stringToArray
FNF:1
FNH:0
FNDA:0,stringToArray
DA:13,0
LF:1
LH:0
BRDA:13,0,0,0
BRDA:13,0,1,0
BRF:2
BRH:0
end_of_record
TN:
SF:tests\COMP.SE.200-2021-2022-1-main\src\.internal\stringToPath.js
FN:26,(anonymous_0)
FN:31,(anonymous_1)
FNF:2
FNH:2
FNDA:2,(anonymous_0)
FNDA:7,(anonymous_1)
DA:3,1
DA:4,1
DA:5,1
DA:26,1
DA:27,2
DA:28,2
DA:29,0
DA:31,2
DA:32,7
DA:33,7
DA:34,0
DA:36,7
DA:37,1
DA:39,7
DA:41,2
LF:15
LH:13
BRDA:28,0,0,0
BRDA:28,0,1,2
BRDA:33,1,0,0
BRDA:33,1,1,7
BRDA:36,2,0,1
BRDA:36,2,1,6
BRF:6
BRH:4
end_of_record
TN:
SF:tests\COMP.SE.200-2021-2022-1-main\src\.internal\toKey.js
FN:13,toKey
FNF:1
FNH:1
FNDA:10,toKey
DA:4,1
DA:14,10
DA:15,10
DA:17,0
DA:18,0
LF:5
LH:3
BRDA:14,0,0,10
BRDA:14,0,1,0
BRDA:14,1,0,10
BRDA:14,1,1,0
BRDA:18,2,0,0
BRDA:18,2,1,0
BRDA:18,3,0,0
BRDA:18,3,1,0
BRF:8
BRH:2
end_of_record
TN:
SF:tests\COMP.SE.200-2021-2022-1-main\src\.internal\unicodeToArray.js
FN:39,unicodeToArray
FNF:1
FNH:0
FNDA:0,unicodeToArray
DA:2,1
DA:3,1
DA:4,1
DA:5,1
DA:6,1
DA:7,1
DA:8,1
DA:9,1
DA:12,1
DA:13,1
DA:14,1
DA:15,1
DA:16,1
DA:17,1
DA:18,1
DA:19,1
DA:22,1
DA:23,1
DA:24,1
DA:25,1
DA:26,1
DA:27,1
DA:30,1
DA:40,0
LF:24
LH:23
BRDA:40,0,0,0
BRDA:40,0,1,0
BRF:2
BRH:0
end_of_record
TN:
SF:tests\COMP.SE.200-2021-2022-1-main\src\.internal\unicodeWords.js
FN:66,unicodeWords
FNF:1
FNH:1
FNDA:1,unicodeWords
DA:2,1
DA:3,1
DA:4,1
DA:5,1
DA:6,1
DA:7,1
DA:8,1
DA:9,1
DA:10,1
DA:11,1
DA:12,1
DA:13,1
DA:14,1
DA:15,1
DA:16,1
DA:17,1
DA:20,1
DA:21,1
DA:22,1
DA:23,1
DA:24,1
DA:25,1
DA:26,1
DA:27,1
DA:28,1
DA:29,1
DA:30,1
DA:31,1
DA:32,1
DA:33,1
DA:36,1
DA:37,1
DA:38,1
DA:39,1
DA:40,1
DA:41,1
DA:42,1
DA:43,1
DA:44,1
DA:45,1
DA:46,1
DA:48,1
DA:67,1
LF:43
LH:43
BRF:0
BRH:0
end_of_record
